Determining if the pthread_create exist failed with the following output:
Change Dir: /home/mitto90/delivery_robot_project/build/CMakeFiles/CMakeTmp

Run Build Command:"/usr/bin/make" "cmTC_85100/fast"
/usr/bin/make -f CMakeFiles/cmTC_85100.dir/build.make CMakeFiles/cmTC_85100.dir/build
make[1]: Entering directory '/home/mitto90/delivery_robot_project/build/CMakeFiles/CMakeTmp'
Building C object CMakeFiles/cmTC_85100.dir/CheckSymbolExists.c.o
/usr/bin/cc    -o CMakeFiles/cmTC_85100.dir/CheckSymbolExists.c.o   -c /home/mitto90/delivery_robot_project/build/CMakeFiles/CMakeTmp/CheckSymbolExists.c
Linking C executable cmTC_85100
/usr/bin/cmake -E cmake_link_script CMakeFiles/cmTC_85100.dir/link.txt --verbose=1
/usr/bin/cc      -rdynamic CMakeFiles/cmTC_85100.dir/CheckSymbolExists.c.o  -o cmTC_85100 
CMakeFiles/cmTC_85100.dir/CheckSymbolExists.c.o: In function `main':
CheckSymbolExists.c:(.text+0x1b): undefined reference to `pthread_create'
collect2: error: ld returned 1 exit status
CMakeFiles/cmTC_85100.dir/build.make:97: recipe for target 'cmTC_85100' failed
make[1]: *** [cmTC_85100] Error 1
make[1]: Leaving directory '/home/mitto90/delivery_robot_project/build/CMakeFiles/CMakeTmp'
Makefile:126: recipe for target 'cmTC_85100/fast' failed
make: *** [cmTC_85100/fast] Error 2

File /home/mitto90/delivery_robot_project/build/CMakeFiles/CMakeTmp/CheckSymbolExists.c:
/* */
#include <pthread.h>

int main(int argc, char** argv)
{
  (void)argv;
#ifndef pthread_create
  return ((int*)(&pthread_create))[argc];
#else
  (void)argc;
  return 0;
#endif
}

Determining if the function pthread_create exists in the pthreads failed with the following output:
Change Dir: /home/mitto90/delivery_robot_project/build/CMakeFiles/CMakeTmp

Run Build Command:"/usr/bin/make" "cmTC_8a151/fast"
/usr/bin/make -f CMakeFiles/cmTC_8a151.dir/build.make CMakeFiles/cmTC_8a151.dir/build
make[1]: Entering directory '/home/mitto90/delivery_robot_project/build/CMakeFiles/CMakeTmp'
Building C object CMakeFiles/cmTC_8a151.dir/CheckFunctionExists.c.o
/usr/bin/cc   -DCHECK_FUNCTION_EXISTS=pthread_create   -o CMakeFiles/cmTC_8a151.dir/CheckFunctionExists.c.o   -c /usr/share/cmake-3.10/Modules/CheckFunctionExists.c
Linking C executable cmTC_8a151
/usr/bin/cmake -E cmake_link_script CMakeFiles/cmTC_8a151.dir/link.txt --verbose=1
/usr/bin/cc  -DCHECK_FUNCTION_EXISTS=pthread_create    -rdynamic CMakeFiles/cmTC_8a151.dir/CheckFunctionExists.c.o  -o cmTC_8a151 -lpthreads 
/usr/bin/ld: cannot find -lpthreads
collect2: error: ld returned 1 exit status
CMakeFiles/cmTC_8a151.dir/build.make:97: recipe for target 'cmTC_8a151' failed
make[1]: *** [cmTC_8a151] Error 1
make[1]: Leaving directory '/home/mitto90/delivery_robot_project/build/CMakeFiles/CMakeTmp'
Makefile:126: recipe for target 'cmTC_8a151/fast' failed
make: *** [cmTC_8a151/fast] Error 2


